# JRE version: OpenJDK Runtime Environment (8.0_112-b06) (build 1.8.0_112-release-b06)
# Java VM: OpenJDK 64-Bit Server VM (25.112-b06 mixed mode windows-amd64 compressed oops)
Heap:
 def new generation   total 264512K, used 8899K [0x00000000a0000000, 0x00000000b1f00000, 0x00000000c0000000)
  eden space 235136K,   3% used [0x00000000a0000000, 0x00000000a08b0c30, 0x00000000ae5a0000)
  from space 29376K,   0% used [0x00000000ae5a0000, 0x00000000ae5a0000, 0x00000000b0250000)
  to   space 29376K,   0% used [0x00000000b0250000, 0x00000000b0250000, 0x00000000b1f00000)
 tenured generation   total 623268K, used 623267K [0x00000000c0000000, 0x0000000100000000, 0x0000000100000000)
   the space 623268K,  99% used [0x00000000c0000000, 0x00000000e60a8fe8, 0x00000000e60a9000, 0x00000000e60a9000)
 Metaspace       used 69460K, capacity 71246K, committed 71424K, reserved 1112064K
  class space    used 8620K, capacity 8946K, committed 8960K, reserved 1048576K
GC Heap History (10 events):
Event: 656.153 GC heap after
Heap after GC invocations=140 (full 11):
 def new generation   total 264512K, used 29376K [0x00000000a0000000, 0x00000000b1f00000, 0x00000000c0000000)
  eden space 235136K,   0% used [0x00000000a0000000, 0x00000000a0000000, 0x00000000ae5a0000)
  from space 29376K, 100% used [0x00000000b0250000, 0x00000000b1f00000, 0x00000000b1f00000)
  to   space 29376K,   0% used [0x00000000ae5a0000, 0x00000000ae5a0000, 0x00000000b0250000)
 tenured generation   total 587556K, used 446641K [0x00000000c0000000, 0x00000000e3dc9000, 0x0000000100000000)
   the space 587556K,  76% used [0x00000000c0000000, 0x00000000db42c5f0, 0x00000000db42c600, 0x00000000e3dc9000)
 Metaspace       used 69456K, capacity 71246K, committed 71424K, reserved 1112064K
  class space    used 8619K, capacity 8946K, committed 8960K, reserved 1048576K
}
Event: 669.678 GC heap before
{Heap before GC invocations=140 (full 11):
 def new generation   total 264512K, used 264512K [0x00000000a0000000, 0x00000000b1f00000, 0x00000000c0000000)
  eden space 235136K, 100% used [0x00000000a0000000, 0x00000000ae5a0000, 0x00000000ae5a0000)
  from space 29376K, 100% used [0x00000000b0250000, 0x00000000b1f00000, 0x00000000b1f00000)
  to   space 29376K,   0% used [0x00000000ae5a0000, 0x00000000ae5a0000, 0x00000000b0250000)
 tenured generation   total 587556K, used 446641K [0x00000000c0000000, 0x00000000e3dc9000, 0x0000000100000000)
   the space 587556K,  76% used [0x00000000c0000000, 0x00000000db42c5f0, 0x00000000db42c600, 0x00000000e3dc9000)
 Metaspace       used 69456K, capacity 71246K, committed 71424K, reserved 1112064K
  class space    used 8619K, capacity 8946K, committed 8960K, reserved 1048576K
Event: 670.033 GC heap after
Heap after GC invocations=141 (full 11):
 def new generation   total 264512K, used 29376K [0x00000000a0000000, 0x00000000b1f00000, 0x00000000c0000000)
  eden space 235136K,   0% used [0x00000000a0000000, 0x00000000a0000000, 0x00000000ae5a0000)
  from space 29376K, 100% used [0x00000000ae5a0000, 0x00000000b0250000, 0x00000000b0250000)
  to   space 29376K,   0% used [0x00000000b0250000, 0x00000000b0250000, 0x00000000b1f00000)
 tenured generation   total 587556K, used 484255K [0x00000000c0000000, 0x00000000e3dc9000, 0x0000000100000000)
   the space 587556K,  82% used [0x00000000c0000000, 0x00000000dd8e7e68, 0x00000000dd8e8000, 0x00000000e3dc9000)
 Metaspace       used 69456K, capacity 71246K, committed 71424K, reserved 1112064K
  class space    used 8619K, capacity 8946K, committed 8960K, reserved 1048576K
}
Event: 677.935 GC heap before
{Heap before GC invocations=141 (full 11):
 def new generation   total 264512K, used 264512K [0x00000000a0000000, 0x00000000b1f00000, 0x00000000c0000000)
  eden space 235136K, 100% used [0x00000000a0000000, 0x00000000ae5a0000, 0x00000000ae5a0000)
  from space 29376K, 100% used [0x00000000ae5a0000, 0x00000000b0250000, 0x00000000b0250000)
  to   space 29376K,   0% used [0x00000000b0250000, 0x00000000b0250000, 0x00000000b1f00000)
 tenured generation   total 587556K, used 484255K [0x00000000c0000000, 0x00000000e3dc9000, 0x0000000100000000)
   the space 587556K,  82% used [0x00000000c0000000, 0x00000000dd8e7e68, 0x00000000dd8e8000, 0x00000000e3dc9000)
 Metaspace       used 69458K, capacity 71246K, committed 71424K, reserved 1112064K
  class space    used 8619K, capacity 8946K, committed 8960K, reserved 1048576K
Event: 678.251 GC heap after
Heap after GC invocations=142 (full 11):
 def new generation   total 264512K, used 29376K [0x00000000a0000000, 0x00000000b1f00000, 0x00000000c0000000)
  eden space 235136K,   0% used [0x00000000a0000000, 0x00000000a0000000, 0x00000000ae5a0000)
  from space 29376K, 100% used [0x00000000b0250000, 0x00000000b1f00000, 0x00000000b1f00000)
  to   space 29376K,   0% used [0x00000000ae5a0000, 0x00000000ae5a0000, 0x00000000b0250000)
 tenured generation   total 587556K, used 518558K [0x00000000c0000000, 0x00000000e3dc9000, 0x0000000100000000)
   the space 587556K,  88% used [0x00000000c0000000, 0x00000000dfa67868, 0x00000000dfa67a00, 0x00000000e3dc9000)
 Metaspace       used 69458K, capacity 71246K, committed 71424K, reserved 1112064K
  class space    used 8619K, capacity 8946K, committed 8960K, reserved 1048576K
}
Event: 693.220 GC heap before
{Heap before GC invocations=142 (full 11):
 def new generation   total 264512K, used 264512K [0x00000000a0000000, 0x00000000b1f00000, 0x00000000c0000000)
  eden space 235136K, 100% used [0x00000000a0000000, 0x00000000ae5a0000, 0x00000000ae5a0000)
  from space 29376K, 100% used [0x00000000b0250000, 0x00000000b1f00000, 0x00000000b1f00000)
  to   space 29376K,   0% used [0x00000000ae5a0000, 0x00000000ae5a0000, 0x00000000b0250000)
 tenured generation   total 587556K, used 518558K [0x00000000c0000000, 0x00000000e3dc9000, 0x0000000100000000)
   the space 587556K,  88% used [0x00000000c0000000, 0x00000000dfa67868, 0x00000000dfa67a00, 0x00000000e3dc9000)
 Metaspace       used 69458K, capacity 71246K, committed 71424K, reserved 1112064K
  class space    used 8619K, capacity 8946K, committed 8960K, reserved 1048576K
Event: 693.554 GC heap after
Heap after GC invocations=143 (full 11):
 def new generation   total 264512K, used 29376K [0x00000000a0000000, 0x00000000b1f00000, 0x00000000c0000000)
  eden space 235136K,   0% used [0x00000000a0000000, 0x00000000a0000000, 0x00000000ae5a0000)
  from space 29376K, 100% used [0x00000000ae5a0000, 0x00000000b0250000, 0x00000000b0250000)
  to   space 29376K,   0% used [0x00000000b0250000, 0x00000000b0250000, 0x00000000b1f00000)
 tenured generation   total 587556K, used 554438K [0x00000000c0000000, 0x00000000e3dc9000, 0x0000000100000000)
   the space 587556K,  94% used [0x00000000c0000000, 0x00000000e1d71a08, 0x00000000e1d71c00, 0x00000000e3dc9000)
 Metaspace       used 69458K, capacity 71246K, committed 71424K, reserved 1112064K
  class space    used 8619K, capacity 8946K, committed 8960K, reserved 1048576K
}
Event: 714.789 GC heap before
{Heap before GC invocations=143 (full 11):
 def new generation   total 264512K, used 264512K [0x00000000a0000000, 0x00000000b1f00000, 0x00000000c0000000)
  eden space 235136K, 100% used [0x00000000a0000000, 0x00000000ae5a0000, 0x00000000ae5a0000)
  from space 29376K, 100% used [0x00000000ae5a0000, 0x00000000b0250000, 0x00000000b0250000)
  to   space 29376K,   0% used [0x00000000b0250000, 0x00000000b0250000, 0x00000000b1f00000)
 tenured generation   total 587556K, used 554438K [0x00000000c0000000, 0x00000000e3dc9000, 0x0000000100000000)
   the space 587556K,  94% used [0x00000000c0000000, 0x00000000e1d71a08, 0x00000000e1d71c00, 0x00000000e3dc9000)
 Metaspace       used 69459K, capacity 71246K, committed 71424K, reserved 1112064K
  class space    used 8620K, capacity 8946K, committed 8960K, reserved 1048576K
Event: 715.111 GC heap after
Heap after GC invocations=144 (full 11):
 def new generation   total 264512K, used 29375K [0x00000000a0000000, 0x00000000b1f00000, 0x00000000c0000000)
  eden space 235136K,   0% used [0x00000000a0000000, 0x00000000a0000000, 0x00000000ae5a0000)
  from space 29376K,  99% used [0x00000000b0250000, 0x00000000b1effff8, 0x00000000b1f00000)
  to   space 29376K,   0% used [0x00000000ae5a0000, 0x00000000ae5a0000, 0x00000000b0250000)
 tenured generation   total 587556K, used 586568K [0x00000000c0000000, 0x00000000e3dc9000, 0x0000000100000000)
   the space 587556K,  99% used [0x00000000c0000000, 0x00000000e3cd2330, 0x00000000e3cd2400, 0x00000000e3dc9000)
 Metaspace       used 69459K, capacity 71246K, committed 71424K, reserved 1112064K
  class space    used 8620K, capacity 8946K, committed 8960K, reserved 1048576K
}
Event: 729.544 GC heap before
{Heap before GC invocations=144 (full 11):
 def new generation   total 264512K, used 264511K [0x00000000a0000000, 0x00000000b1f00000, 0x00000000c0000000)
  eden space 235136K, 100% used [0x00000000a0000000, 0x00000000ae5a0000, 0x00000000ae5a0000)
  from space 29376K,  99% used [0x00000000b0250000, 0x00000000b1effff8, 0x00000000b1f00000)
  to   space 29376K,   0% used [0x00000000ae5a0000, 0x00000000ae5a0000, 0x00000000b0250000)
 tenured generation   total 587556K, used 586568K [0x00000000c0000000, 0x00000000e3dc9000, 0x0000000100000000)
   the space 587556K,  99% used [0x00000000c0000000, 0x00000000e3cd2330, 0x00000000e3cd2400, 0x00000000e3dc9000)
 Metaspace       used 69460K, capacity 71246K, committed 71424K, reserved 1112064K
  class space    used 8620K, capacity 8946K, committed 8960K, reserved 1048576K

